ShareHome/build/outputs/logs/manifest-merger-debug-report.txt
-- Merging decision tree log ---
manifest
ADDED from AndroidApp\ShareHome\AndroidManifest.xml:2:1-388:12
	package
		ADDED from AndroidApp\ShareHome\AndroidManifest.xml:3:5-34
	android:versionName
		ADDED from AndroidApp\ShareHome\AndroidManifest.xml:5:5-33
		INJECTED from AndroidApp\ShareHome\AndroidManifest.xml
		INJECTED from AndroidApp\ShareHome\AndroidManifest.xml
	android:versionCode
		ADDED from AndroidApp\ShareHome\AndroidManifest.xml:4:5-28
		INJECTED from AndroidApp\ShareHome\AndroidManifest.xml
		INJECTED from AndroidApp\ShareHome\AndroidManifest.xml
	xmlns:android
		ADDED from AndroidApp\ShareHome\AndroidManifest.xml:2:11-69
uses-sdk
ADDED from AndroidApp\ShareHome\AndroidManifest.xml:7:5-9:41
	android:targetSdkVersion
		ADDED from AndroidApp\ShareHome\AndroidManifest.xml:9:9-38
	android:minSdkVersion
		ADDED from AndroidApp\ShareHome\AndroidManifest.xml:8:9-35
uses-permission#android.permission.INTERACT_ACROSS_USERS_FULL
ADDED from AndroidApp\ShareHome\AndroidManifest.xml:10:4-84
	android:name
		ADDED from AndroidApp\ShareHome\AndroidManifest.xml:10:21-81
uses-permission#android.permission.GET_TOP_ACTIVITY_INFO
ADDED from AndroidApp\ShareHome\AndroidManifest.xml:11:5-80
	android:name
		ADDED from AndroidApp\ShareHome\AndroidManifest.xml:11:22-77
uses-permission#android.permission.REORDER_TASKS
ADDED from AndroidApp\ShareHome\AndroidManifest.xml:12:5-72
	android:name
		ADDED from AndroidApp\ShareHome\AndroidManifest.xml:12:22-69
uses-permission#android.permission.INTERNET
ADDED from AndroidApp\ShareHome\AndroidManifest.xml:15:5-67
	android:name
		ADDED from AndroidApp\ShareHome\AndroidManifest.xml:15:22-64
uses-permission#android.permission.READ_CONTACTS
ADDED from AndroidApp\ShareHome\AndroidManifest.xml:17:5-72
	android:name
		ADDED from AndroidApp\ShareHome\AndroidManifest.xml:17:22-69
uses-permission#android.permission.WRITE_CONTACTS
ADDED from AndroidApp\ShareHome\AndroidManifest.xml:19:5-73
	android:name
		ADDED from AndroidApp\ShareHome\AndroidManifest.xml:19:22-70
uses-permission#android.permission.CALL_PHONE
ADDED from AndroidApp\ShareHome\AndroidManifest.xml:21:5-69
	android:name
		ADDED from AndroidApp\ShareHome\AndroidManifest.xml:21:22-66
uses-permission#android.permission.ACCESS_NETWORK_STATE
ADDED from AndroidApp\ShareHome\AndroidManifest.xml:23:5-79
	android:name
		ADDED from AndroidApp\ShareHome\AndroidManifest.xml:23:22-76
uses-permission#android.permission.CAMERA
ADDED from AndroidApp\ShareHome\AndroidManifest.xml:24:5-65
	android:name
		ADDED from AndroidApp\ShareHome\AndroidManifest.xml:24:22-62
uses-permission#android.permission.RECORD_AUDIO
ADDED from AndroidApp\ShareHome\AndroidManifest.xml:26:5-71
	android:name
		ADDED from AndroidApp\ShareHome\AndroidManifest.xml:26:22-68
uses-permission#android.permission.VIBRATE
ADDED from AndroidApp\ShareHome\AndroidManifest.xml:28:5-66
	android:name
		ADDED from AndroidApp\ShareHome\AndroidManifest.xml:28:22-63
uses-permission#android.permission.WAKE_LOCK
ADDED from AndroidApp\ShareHome\AndroidManifest.xml:30:5-68
	android:name
		ADDED from AndroidApp\ShareHome\AndroidManifest.xml:30:22-65
uses-permission#android.permission.WRITE_SETTINGS
ADDED from AndroidApp\ShareHome\AndroidManifest.xml:31:5-73
	android:name
		ADDED from AndroidApp\ShareHome\AndroidManifest.xml:31:22-70
uses-permission#android.permission.MODIFY_AUDIO_SETTINGS
ADDED from AndroidApp\ShareHome\AndroidManifest.xml:32:5-80
	android:name
		ADDED from AndroidApp\ShareHome\AndroidManifest.xml:32:22-77
uses-permission#android.permission.RECEIVE_BOOT_COMPLETED
ADDED from AndroidApp\ShareHome\AndroidManifest.xml:33:5-81
	android:name
		ADDED from AndroidApp\ShareHome\AndroidManifest.xml:33:22-78
uses-permission#android.permission.ACCESS_COARSE_LOCATION
ADDED from AndroidApp\ShareHome\AndroidManifest.xml:35:5-81
	android:name
		ADDED from AndroidApp\ShareHome\AndroidManifest.xml:35:22-78
uses-permission#android.permission.ACCESS_FINE_LOCATION
ADDED from AndroidApp\ShareHome\AndroidManifest.xml:37:5-79
	android:name
		ADDED from AndroidApp\ShareHome\AndroidManifest.xml:37:22-76
uses-permission#android.permission.ACCESS_WIFI_STATE
ADDED from AndroidApp\ShareHome\AndroidManifest.xml:39:5-76
	android:name
		ADDED from AndroidApp\ShareHome\AndroidManifest.xml:39:22-73
uses-permission#android.permission.CHANGE_WIFI_STATE
ADDED from AndroidApp\ShareHome\AndroidManifest.xml:41:5-76
	android:name
		ADDED from AndroidApp\ShareHome\AndroidManifest.xml:41:22-73
uses-permission#android.permission.READ_PHONE_STATE
ADDED from AndroidApp\ShareHome\AndroidManifest.xml:43:5-75
	android:name
		ADDED from AndroidApp\ShareHome\AndroidManifest.xml:43:22-72
uses-permission#android.permission.WRITE_EXTERNAL_STORAGE
ADDED from AndroidApp\ShareHome\AndroidManifest.xml:45:5-81
	android:name
		ADDED from AndroidApp\ShareHome\AndroidManifest.xml:45:22-78
uses-permission#android.permission.READ_EXTERNAL_STORAGE
ADDED from AndroidApp\ShareHome\AndroidManifest.xml:47:5-80
	android:name
		ADDED from AndroidApp\ShareHome\AndroidManifest.xml:47:22-77
uses-permission#android.permission.MOUNT_UNMOUNT_FILESYSTEMS
ADDED from AndroidApp\ShareHome\AndroidManifest.xml:49:5-84
	android:name
		ADDED from AndroidApp\ShareHome\AndroidManifest.xml:49:22-81
permission#com.huawei.android.permission.WRITE_DATABASE
ADDED from AndroidApp\ShareHome\AndroidManifest.xml:51:5-79
	android:name
		ADDED from AndroidApp\ShareHome\AndroidManifest.xml:51:17-76
uses-permission#android.permission.WRITE_APN_SETTINGS
ADDED from AndroidApp\ShareHome\AndroidManifest.xml:53:5-77
	android:name
		ADDED from AndroidApp\ShareHome\AndroidManifest.xml:53:22-74
uses-permission#android.permission.DEVICE_POWER
ADDED from AndroidApp\ShareHome\AndroidManifest.xml:54:5-71
	android:name
		ADDED from AndroidApp\ShareHome\AndroidManifest.xml:54:22-68
uses-permission#android.permission.INSTALL_PACKAGES
ADDED from AndroidApp\ShareHome\AndroidManifest.xml:55:5-75
	android:name
		ADDED from AndroidApp\ShareHome\AndroidManifest.xml:55:22-72
uses-permission#android.permission.GET_TASKS
ADDED from AndroidApp\ShareHome\AndroidManifest.xml:56:5-68
	android:name
		ADDED from AndroidApp\ShareHome\AndroidManifest.xml:56:22-65
uses-permission#android.permission.CHANGE_NETWORK_STATE
ADDED from AndroidApp\ShareHome\AndroidManifest.xml:57:5-79
	android:name
		ADDED from AndroidApp\ShareHome\AndroidManifest.xml:57:22-76
uses-permission#android.permission.INSTALL_DRM
ADDED from AndroidApp\ShareHome\AndroidManifest.xml:58:5-70
	android:name
		ADDED from AndroidApp\ShareHome\AndroidManifest.xml:58:22-67
uses-permission#android.permission.READ_SMS
ADDED from AndroidApp\ShareHome\AndroidManifest.xml:59:5-67
	android:name
		ADDED from AndroidApp\ShareHome\AndroidManifest.xml:59:22-64
uses-permission#android.permission.RECEIVE_MMS
ADDED from AndroidApp\ShareHome\AndroidManifest.xml:60:5-70
	android:name
		ADDED from AndroidApp\ShareHome\AndroidManifest.xml:60:22-67
uses-permission#android.permission.RECEIVE_SMS
ADDED from AndroidApp\ShareHome\AndroidManifest.xml:61:5-70
	android:name
		ADDED from AndroidApp\ShareHome\AndroidManifest.xml:61:22-67
uses-permission#android.permission.SEND_SMS
ADDED from AndroidApp\ShareHome\AndroidManifest.xml:62:5-67
	android:name
		ADDED from AndroidApp\ShareHome\AndroidManifest.xml:62:22-64
uses-permission#android.permission.WRITE_OWNER_DATA
ADDED from AndroidApp\ShareHome\AndroidManifest.xml:63:5-75
	android:name
		ADDED from AndroidApp\ShareHome\AndroidManifest.xml:63:22-72
uses-permission#android.permission.WRITE_SMS
ADDED from AndroidApp\ShareHome\AndroidManifest.xml:64:5-68
	android:name
		ADDED from AndroidApp\ShareHome\AndroidManifest.xml:64:22-65
uses-permission#android.permission.AUTHENTICATE_ACCOUNTS
ADDED from AndroidApp\ShareHome\AndroidManifest.xml:65:5-80
	android:name
		ADDED from AndroidApp\ShareHome\AndroidManifest.xml:65:22-77
uses-permission#android.permission.GET_ACCOUNTS
ADDED from AndroidApp\ShareHome\AndroidManifest.xml:66:5-71
	android:name
		ADDED from AndroidApp\ShareHome\AndroidManifest.xml:66:22-68
uses-permission#android.permission.MANAGE_ACCOUNTS
ADDED from AndroidApp\ShareHome\AndroidManifest.xml:67:5-74
	android:name
		ADDED from AndroidApp\ShareHome\AndroidManifest.xml:67:22-71
uses-permission#android.permission.USE_CREDENTIALS
ADDED from AndroidApp\ShareHome\AndroidManifest.xml:68:5-74
	android:name
		ADDED from AndroidApp\ShareHome\AndroidManifest.xml:68:22-71
uses-permission#android.permission.READ_SYNC_STATS
ADDED from AndroidApp\ShareHome\AndroidManifest.xml:69:5-74
	android:name
		ADDED from AndroidApp\ShareHome\AndroidManifest.xml:69:22-71
uses-permission#android.permission.READ_SYNC_SETTINGS
ADDED from AndroidApp\ShareHome\AndroidManifest.xml:70:5-77
	android:name
		ADDED from AndroidApp\ShareHome\AndroidManifest.xml:70:22-74
uses-permission#android.permission.WRITE_SYNC_SETTINGS
ADDED from AndroidApp\ShareHome\AndroidManifest.xml:71:5-78
	android:name
		ADDED from AndroidApp\ShareHome\AndroidManifest.xml:71:22-75
uses-permission#android.permission.PROCESS_OUTGOING_CALLS
ADDED from AndroidApp\ShareHome\AndroidManifest.xml:72:5-81
	android:name
		ADDED from AndroidApp\ShareHome\AndroidManifest.xml:72:22-78
uses-permission#com.android.launcher.permission.INSTALL_SHORTCUT
ADDED from AndroidApp\ShareHome\AndroidManifest.xml:73:5-88
	android:name
		ADDED from AndroidApp\ShareHome\AndroidManifest.xml:73:22-85
uses-permission#com.android.launcher.permission.UNINSTALL_SHORTCUT
ADDED from AndroidApp\ShareHome\AndroidManifest.xml:74:5-90
	android:name
		ADDED from AndroidApp\ShareHome\AndroidManifest.xml:74:22-87
uses-permission#android.permission.CHANGE_WIFI_MULTICAST_STATE
ADDED from AndroidApp\ShareHome\AndroidManifest.xml:75:5-86
	android:name
		ADDED from AndroidApp\ShareHome\AndroidManifest.xml:75:22-83
uses-permission#android.permission.BATTERY_STATS
ADDED from AndroidApp\ShareHome\AndroidManifest.xml:76:5-72
	android:name
		ADDED from AndroidApp\ShareHome\AndroidManifest.xml:76:22-69
uses-permission#android.permission.SYSTEM_ALERT_WINDOW
ADDED from AndroidApp\ShareHome\AndroidManifest.xml:77:5-78
	android:name
		ADDED from AndroidApp\ShareHome\AndroidManifest.xml:77:22-75
uses-permission#android.permission.SYSTEM_OVERLAY_WINDOW
ADDED from AndroidApp\ShareHome\AndroidManifest.xml:78:5-80
	android:name
		ADDED from AndroidApp\ShareHome\AndroidManifest.xml:78:22-77
uses-permission#android.permission.DISABLE_KEYGUARD
ADDED from AndroidApp\ShareHome\AndroidManifest.xml:80:5-75
	android:name
		ADDED from AndroidApp\ShareHome\AndroidManifest.xml:80:22-72
uses-permission#android.permission.CHANGE_CONFIGURATION
ADDED from AndroidApp\ShareHome\AndroidManifest.xml:81:5-79
	android:name
		ADDED from AndroidApp\ShareHome\AndroidManifest.xml:81:22-76
uses-permission#android.permission.RESTART_PACKAGES
ADDED from AndroidApp\ShareHome\AndroidManifest.xml:82:5-75
	android:name
		ADDED from AndroidApp\ShareHome\AndroidManifest.xml:82:22-72
uses-permission#android.permission.READ_LOGS
ADDED from AndroidApp\ShareHome\AndroidManifest.xml:83:5-68
	android:name
		ADDED from AndroidApp\ShareHome\AndroidManifest.xml:83:22-65
uses-permission#android.permission.BLUETOOTH
ADDED from AndroidApp\ShareHome\AndroidManifest.xml:85:5-68
	android:name
		ADDED from AndroidApp\ShareHome\AndroidManifest.xml:85:22-65
uses-permission#android.permission.BLUETOOTH_ADMIN
ADDED from AndroidApp\ShareHome\AndroidManifest.xml:86:5-74
	android:name
		ADDED from AndroidApp\ShareHome\AndroidManifest.xml:86:22-71
uses-permission#android.permission.BROADCAST_STICKY
ADDED from AndroidApp\ShareHome\AndroidManifest.xml:87:5-75
	android:name
		ADDED from AndroidApp\ShareHome\AndroidManifest.xml:87:22-72
uses-permission#com.android.launcher.permission.READ_SETTINGS
ADDED from AndroidApp\ShareHome\AndroidManifest.xml:88:5-85
	android:name
		ADDED from AndroidApp\ShareHome\AndroidManifest.xml:88:22-82
uses-permission#android.permission.READ_CALL_LOG
ADDED from AndroidApp\ShareHome\AndroidManifest.xml:89:5-72
	android:name
		ADDED from AndroidApp\ShareHome\AndroidManifest.xml:89:22-69
uses-permission#android.permission.WRITE_CALL_LOG
ADDED from AndroidApp\ShareHome\AndroidManifest.xml:90:5-73
	android:name
		ADDED from AndroidApp\ShareHome\AndroidManifest.xml:90:22-70
uses-feature#android.hardware.camera
ADDED from AndroidApp\ShareHome\AndroidManifest.xml:92:5-60
	android:name
		ADDED from AndroidApp\ShareHome\AndroidManifest.xml:92:19-57
uses-feature#android.hardware.camera.autofocus
ADDED from AndroidApp\ShareHome\AndroidManifest.xml:93:5-70
	android:name
		ADDED from AndroidApp\ShareHome\AndroidManifest.xml:93:19-67
application
ADDED from AndroidApp\ShareHome\AndroidManifest.xml:95:4-386:19
	android:label
		ADDED from AndroidApp\ShareHome\AndroidManifest.xml:99:9-41
	android:allowBackup
		ADDED from AndroidApp\ShareHome\AndroidManifest.xml:97:9-35
	android:icon
		ADDED from AndroidApp\ShareHome\AndroidManifest.xml:98:9-43
	android:theme
		ADDED from AndroidApp\ShareHome\AndroidManifest.xml:100:9-62
	android:name
		ADDED from AndroidApp\ShareHome\AndroidManifest.xml:96:9-69
provider#com.huawei.rcs.call.RichAddressBookProvider
ADDED from AndroidApp\ShareHome\AndroidManifest.xml:101:6-104:40
	android:authorities
		ADDED from AndroidApp\ShareHome\AndroidManifest.xml:103:13-63
	android:exported
		ADDED from AndroidApp\ShareHome\AndroidManifest.xml:104:13-37
	android:name
		ADDED from AndroidApp\ShareHome\AndroidManifest.xml:102:13-71
provider#com.huawei.rcs.contact.CapabilityProvider
ADDED from AndroidApp\ShareHome\AndroidManifest.xml:105:9-108:40
	android:authorities
		ADDED from AndroidApp\ShareHome\AndroidManifest.xml:107:13-67
	android:exported
		ADDED from AndroidApp\ShareHome\AndroidManifest.xml:108:13-37
	android:name
		ADDED from AndroidApp\ShareHome\AndroidManifest.xml:106:13-69
provider#com.huawei.rcs.contact.ContactProvider
ADDED from AndroidApp\ShareHome\AndroidManifest.xml:109:9-112:40
	android:authorities
		ADDED from AndroidApp\ShareHome\AndroidManifest.xml:111:13-66
	android:exported
		ADDED from AndroidApp\ShareHome\AndroidManifest.xml:112:13-37
	android:name
		ADDED from AndroidApp\ShareHome\AndroidManifest.xml:110:13-66
activity#com.vunke.sharehome.MainActivity
ADDED from AndroidApp\ShareHome\AndroidManifest.xml:114:9-117:20
	android:label
		ADDED from AndroidApp\ShareHome\AndroidManifest.xml:116:13-45
	android:name
		ADDED from AndroidApp\ShareHome\AndroidManifest.xml:115:13-60
activity#com.mob.tools.MobUIShell
ADDED from AndroidApp\ShareHome\AndroidManifest.xml:119:9-140:20
	android:screenOrientation
		ADDED from AndroidApp\ShareHome\AndroidManifest.xml:122:13-49
	android:windowSoftInputMode
		ADDED from AndroidApp\ShareHome\AndroidManifest.xml:124:13-67
	android:configChanges
		ADDED from AndroidApp\ShareHome\AndroidManifest.xml:121:13-74
	android:theme
		ADDED from AndroidApp\ShareHome\AndroidManifest.xml:123:13-72
	android:name
		ADDED from AndroidApp\ShareHome\AndroidManifest.xml:120:13-52
intent-filter#android.intent.action.VIEW+android.intent.category.BROWSABLE+android.intent.category.DEFAULT
ADDED from AndroidApp\ShareHome\AndroidManifest.xml:125:13-132:29
data
ADDED from AndroidApp\ShareHome\AndroidManifest.xml:126:17-60
	android:scheme
		ADDED from AndroidApp\ShareHome\AndroidManifest.xml:126:23-57
action#android.intent.action.VIEW
ADDED from AndroidApp\ShareHome\AndroidManifest.xml:128:17-69
	android:name
		ADDED from AndroidApp\ShareHome\AndroidManifest.xml:128:25-66
category#android.intent.category.BROWSABLE
ADDED from AndroidApp\ShareHome\AndroidManifest.xml:130:17-78
	android:name
		ADDED from AndroidApp\ShareHome\AndroidManifest.xml:130:27-75
category#android.intent.category.DEFAULT
ADDED from AndroidApp\ShareHome\AndroidManifest.xml:131:17-76
	android:name
		ADDED from AndroidApp\ShareHome\AndroidManifest.xml:131:27-73
intent-filter#android.intent.category.DEFAULT+com.sina.weibo.sdk.action.ACTION_SDK_REQ_ACTIVITY
ADDED from AndroidApp\ShareHome\AndroidManifest.xml:135:13-139:29
action#com.sina.weibo.sdk.action.ACTION_SDK_REQ_ACTIVITY
ADDED from AndroidApp\ShareHome\AndroidManifest.xml:136:17-92
	android:name
		ADDED from AndroidApp\ShareHome\AndroidManifest.xml:136:25-89
activity#com.vunke.sharehome.wxapi.WXEntryActivity
ADDED from AndroidApp\ShareHome\AndroidManifest.xml:142:9-147:75
	android:screenOrientation
		ADDED from AndroidApp\ShareHome\AndroidManifest.xml:146:13-49
	android:exported
		ADDED from AndroidApp\ShareHome\AndroidManifest.xml:145:13-36
	android:configChanges
		ADDED from AndroidApp\ShareHome\AndroidManifest.xml:144:13-74
	android:theme
		ADDED from AndroidApp\ShareHome\AndroidManifest.xml:147:13-72
	android:name
		ADDED from AndroidApp\ShareHome\AndroidManifest.xml:143:13-50
activity#com.vunke.sharehome.yxapi.YXEntryActivity
ADDED from AndroidApp\ShareHome\AndroidManifest.xml:150:9-155:75
	android:screenOrientation
		ADDED from AndroidApp\ShareHome\AndroidManifest.xml:154:13-49
	android:exported
		ADDED from AndroidApp\ShareHome\AndroidManifest.xml:153:13-36
	android:configChanges
		ADDED from AndroidApp\ShareHome\AndroidManifest.xml:152:13-74
	android:theme
		ADDED from AndroidApp\ShareHome\AndroidManifest.xml:155:13-72
	android:name
		ADDED from AndroidApp\ShareHome\AndroidManifest.xml:151:13-50
activity#com.vunke.sharehome.apshare.ShareEntryActivity
ADDED from AndroidApp\ShareHome\AndroidManifest.xml:158:9-162:75
	android:exported
		ADDED from AndroidApp\ShareHome\AndroidManifest.xml:161:13-36
	android:configChanges
		ADDED from AndroidApp\ShareHome\AndroidManifest.xml:160:13-74
	android:theme
		ADDED from AndroidApp\ShareHome\AndroidManifest.xml:162:13-72
	android:name
		ADDED from AndroidApp\ShareHome\AndroidManifest.xml:159:13-55
activity#com.vunke.sharehome.activity.LoginActivity
ADDED from AndroidApp\ShareHome\AndroidManifest.xml:167:9-170:20
	android:configChanges
		ADDED from AndroidApp\ShareHome\AndroidManifest.xml:169:13-63
	android:name
		ADDED from AndroidApp\ShareHome\AndroidManifest.xml:168:13-70
activity#com.vunke.sharehome.activity.RegisterActivity
ADDED from AndroidApp\ShareHome\AndroidManifest.xml:172:9-175:20
	android:windowSoftInputMode
		ADDED from AndroidApp\ShareHome\AndroidManifest.xml:174:13-65
	android:name
		ADDED from AndroidApp\ShareHome\AndroidManifest.xml:173:13-73
activity#com.vunke.sharehome.activity.WelcomeActivity
ADDED from AndroidApp\ShareHome\AndroidManifest.xml:177:9-183:20
	android:name
		ADDED from AndroidApp\ShareHome\AndroidManifest.xml:177:19-78
intent-filter#android.intent.action.MAIN+android.intent.category.LAUNCHER
ADDED from AndroidApp\ShareHome\AndroidManifest.xml:178:13-182:29
action#android.intent.action.MAIN
ADDED from AndroidApp\ShareHome\AndroidManifest.xml:179:17-69
	android:name
		ADDED from AndroidApp\ShareHome\AndroidManifest.xml:179:25-66
category#android.intent.category.LAUNCHER
ADDED from AndroidApp\ShareHome\AndroidManifest.xml:181:17-77
	android:name
		ADDED from AndroidApp\ShareHome\AndroidManifest.xml:181:27-74
activity#com.vunke.sharehome.activity.GuideActivity
ADDED from AndroidApp\ShareHome\AndroidManifest.xml:185:9-188:20
	android:configChanges
		ADDED from AndroidApp\ShareHome\AndroidManifest.xml:187:13-63
	android:name
		ADDED from AndroidApp\ShareHome\AndroidManifest.xml:186:13-70
activity#com.vunke.sharehome.activity.HideActivity
ADDED from AndroidApp\ShareHome\AndroidManifest.xml:190:9-191:20
	android:name
		ADDED from AndroidApp\ShareHome\AndroidManifest.xml:190:19-75
activity#com.vunke.sharehome.activity.HomeActivity
ADDED from AndroidApp\ShareHome\AndroidManifest.xml:193:9-197:20
	android:windowSoftInputMode
		ADDED from AndroidApp\ShareHome\AndroidManifest.xml:196:13-52
	android:configChanges
		ADDED from AndroidApp\ShareHome\AndroidManifest.xml:195:13-63
	android:name
		ADDED from AndroidApp\ShareHome\AndroidManifest.xml:194:13-69
activity#com.vunke.sharehome.activity.CallVideoActivity
ADDED from AndroidApp\ShareHome\AndroidManifest.xml:199:9-202:20
	android:launchMode
		ADDED from AndroidApp\ShareHome\AndroidManifest.xml:201:13-44
	android:name
		ADDED from AndroidApp\ShareHome\AndroidManifest.xml:200:13-74
activity#com.vunke.sharehome.Call.CallOut_Activity
ADDED from AndroidApp\ShareHome\AndroidManifest.xml:204:9-207:20
	android:configChanges
		ADDED from AndroidApp\ShareHome\AndroidManifest.xml:206:13-63
	android:name
		ADDED from AndroidApp\ShareHome\AndroidManifest.xml:205:13-69
activity#com.vunke.sharehome.Call.CallIn_Activity
ADDED from AndroidApp\ShareHome\AndroidManifest.xml:209:9-212:20
	android:configChanges
		ADDED from AndroidApp\ShareHome\AndroidManifest.xml:211:13-63
	android:name
		ADDED from AndroidApp\ShareHome\AndroidManifest.xml:210:13-68
activity#com.vunke.sharehome.Call.CallAudio_Activity
ADDED from AndroidApp\ShareHome\AndroidManifest.xml:214:9-217:20
	android:configChanges
		ADDED from AndroidApp\ShareHome\AndroidManifest.xml:216:13-63
	android:name
		ADDED from AndroidApp\ShareHome\AndroidManifest.xml:215:13-71
activity#com.vunke.sharehome.Call.CallVideo_Activity
ADDED from AndroidApp\ShareHome\AndroidManifest.xml:219:9-222:20
	android:configChanges
		ADDED from AndroidApp\ShareHome\AndroidManifest.xml:221:13-63
	android:name
		ADDED from AndroidApp\ShareHome\AndroidManifest.xml:220:13-71
activity#com.vunke.sharehome.activity.CallLogActivity
ADDED from AndroidApp\ShareHome\AndroidManifest.xml:224:9-225:20
	android:name
		ADDED from AndroidApp\ShareHome\AndroidManifest.xml:224:19-78
activity#com.vunke.sharehome.activity.ContactDetailActivity
ADDED from AndroidApp\ShareHome\AndroidManifest.xml:227:9-228:20
	android:name
		ADDED from AndroidApp\ShareHome\AndroidManifest.xml:227:19-84
activity#com.vunke.sharehome.ui.ContactListActivity
ADDED from AndroidApp\ShareHome\AndroidManifest.xml:230:9-231:20
	android:name
		ADDED from AndroidApp\ShareHome\AndroidManifest.xml:230:19-76
activity#com.vunke.sharehome.activity.AddAttnActivity
ADDED from AndroidApp\ShareHome\AndroidManifest.xml:233:9-234:20
	android:name
		ADDED from AndroidApp\ShareHome\AndroidManifest.xml:233:19-78
activity#com.vunke.sharehome.activity.MyInfoActivity
ADDED from AndroidApp\ShareHome\AndroidManifest.xml:236:9-237:20
	android:name
		ADDED from AndroidApp\ShareHome\AndroidManifest.xml:236:19-77
activity#com.vunke.sharehome.activity.MoreSurprisActivity
ADDED from AndroidApp\ShareHome\AndroidManifest.xml:239:9-240:20
	android:name
		ADDED from AndroidApp\ShareHome\AndroidManifest.xml:239:19-82
activity#com.vunke.sharehome.activity.ShareWithFriendActivity
ADDED from AndroidApp\ShareHome\AndroidManifest.xml:242:9-243:20
	android:name
		ADDED from AndroidApp\ShareHome\AndroidManifest.xml:242:19-86
activity#com.vunke.sharehome.activity.AboutActivity
ADDED from AndroidApp\ShareHome\AndroidManifest.xml:245:9-246:20
	android:name
		ADDED from AndroidApp\ShareHome\AndroidManifest.xml:245:19-76
activity#com.vunke.sharehome.activity.ServiceTermsActivity
ADDED from AndroidApp\ShareHome\AndroidManifest.xml:248:9-249:20
	android:name
		ADDED from AndroidApp\ShareHome\AndroidManifest.xml:248:19-83
activity#com.vunke.sharehome.activity.FeedbackActivity
ADDED from AndroidApp\ShareHome\AndroidManifest.xml:251:9-252:20
	android:name
		ADDED from AndroidApp\ShareHome\AndroidManifest.xml:251:19-79
activity#com.vunke.sharehome.activity.SH_AttnDetailActivity
ADDED from AndroidApp\ShareHome\AndroidManifest.xml:254:9-255:20
	android:name
		ADDED from AndroidApp\ShareHome\AndroidManifest.xml:254:19-84
activity#com.vunke.sharehome.activity.ModifyContactActivity
ADDED from AndroidApp\ShareHome\AndroidManifest.xml:257:9-258:20
	android:name
		ADDED from AndroidApp\ShareHome\AndroidManifest.xml:257:19-84
activity#com.vunke.sharehome.activity.PhoneContacts
ADDED from AndroidApp\ShareHome\AndroidManifest.xml:260:9-261:20
	android:name
		ADDED from AndroidApp\ShareHome\AndroidManifest.xml:260:19-76
activity#com.vunke.sharehome.activity.PhoneContact
ADDED from AndroidApp\ShareHome\AndroidManifest.xml:263:9-264:20
	android:name
		ADDED from AndroidApp\ShareHome\AndroidManifest.xml:263:19-75
activity#com.vunke.sharehome.activity.NewFriends
ADDED from AndroidApp\ShareHome\AndroidManifest.xml:266:9-267:20
	android:name
		ADDED from AndroidApp\ShareHome\AndroidManifest.xml:266:19-73
activity#com.vunke.sharehome.activity.UserDetailsActivity
ADDED from AndroidApp\ShareHome\AndroidManifest.xml:269:9-270:20
	android:name
		ADDED from AndroidApp\ShareHome\AndroidManifest.xml:269:19-82
activity#com.vunke.sharehome.activity.ForgetPasswordActivity
ADDED from AndroidApp\ShareHome\AndroidManifest.xml:272:9-273:20
	android:name
		ADDED from AndroidApp\ShareHome\AndroidManifest.xml:272:19-85
activity#com.vunke.sharehome.activity.ForgetPassword2Activity
ADDED from AndroidApp\ShareHome\AndroidManifest.xml:275:9-276:20
	android:name
		ADDED from AndroidApp\ShareHome\AndroidManifest.xml:275:19-86
activity#com.vunke.sharehome.activity.PickPhotoActivity
ADDED from AndroidApp\ShareHome\AndroidManifest.xml:278:9-279:20
	android:name
		ADDED from AndroidApp\ShareHome\AndroidManifest.xml:278:19-80
activity#com.vunke.sharehome.crop.CropImageActivity
ADDED from AndroidApp\ShareHome\AndroidManifest.xml:280:9-281:20
	android:name
		ADDED from AndroidApp\ShareHome\AndroidManifest.xml:280:19-76
activity#com.vunke.sharehome.activity.LoginActivity2
ADDED from AndroidApp\ShareHome\AndroidManifest.xml:283:9-286:20
	android:configChanges
		ADDED from AndroidApp\ShareHome\AndroidManifest.xml:285:13-63
	android:name
		ADDED from AndroidApp\ShareHome\AndroidManifest.xml:284:13-71
activity#com.vunke.sharehome.activity.BuyTrafficActivity
ADDED from AndroidApp\ShareHome\AndroidManifest.xml:288:9-291:20
	android:configChanges
		ADDED from AndroidApp\ShareHome\AndroidManifest.xml:290:13-63
	android:name
		ADDED from AndroidApp\ShareHome\AndroidManifest.xml:289:13-75
activity#com.vunke.sharehome.activity.LuckyMoneyActivity
ADDED from AndroidApp\ShareHome\AndroidManifest.xml:293:9-294:20
	android:name
		ADDED from AndroidApp\ShareHome\AndroidManifest.xml:293:19-81
activity#com.vunke.sharehome.activity.MyLuckyMoneyActivity
ADDED from AndroidApp\ShareHome\AndroidManifest.xml:296:9-297:20
	android:name
		ADDED from AndroidApp\ShareHome\AndroidManifest.xml:296:19-83
activity#com.vunke.sharehome.activity.LuckyMoneyListActivity
ADDED from AndroidApp\ShareHome\AndroidManifest.xml:299:9-300:20
	android:name
		ADDED from AndroidApp\ShareHome\AndroidManifest.xml:299:19-85
activity#com.vunke.sharehome.activity.VideoRecordActivity
ADDED from AndroidApp\ShareHome\AndroidManifest.xml:303:9-304:20
	android:name
		ADDED from AndroidApp\ShareHome\AndroidManifest.xml:303:19-82
activity#com.vunke.sharehome.activity.VideoListActivity
ADDED from AndroidApp\ShareHome\AndroidManifest.xml:306:9-307:20
	android:name
		ADDED from AndroidApp\ShareHome\AndroidManifest.xml:306:19-80
activity#com.vunke.sharehome.activity.VideoViewActivity
ADDED from AndroidApp\ShareHome\AndroidManifest.xml:309:3-310:14
	android:name
		ADDED from AndroidApp\ShareHome\AndroidManifest.xml:309:13-74
receiver#com.vunke.sharehome.receiver.NetChangeReceiver
ADDED from AndroidApp\ShareHome\AndroidManifest.xml:314:9-318:20
	android:name
		ADDED from AndroidApp\ShareHome\AndroidManifest.xml:314:19-61
intent-filter#android.net.conn.CONNECTIVITY_CHANGE
ADDED from AndroidApp\ShareHome\AndroidManifest.xml:315:13-317:29
action#android.net.conn.CONNECTIVITY_CHANGE
ADDED from AndroidApp\ShareHome\AndroidManifest.xml:316:17-79
	android:name
		ADDED from AndroidApp\ShareHome\AndroidManifest.xml:316:25-76
receiver#com.vunke.sharehome.receiver.AppBroadcastReceiver
ADDED from AndroidApp\ShareHome\AndroidManifest.xml:320:9-325:20
	android:name
		ADDED from AndroidApp\ShareHome\AndroidManifest.xml:320:19-83
intent-filter#android.intent.action.BOOT_COMPLETED
ADDED from AndroidApp\ShareHome\AndroidManifest.xml:321:13-323:29
action#android.intent.action.BOOT_COMPLETED
ADDED from AndroidApp\ShareHome\AndroidManifest.xml:322:17-79
	android:name
		ADDED from AndroidApp\ShareHome\AndroidManifest.xml:322:25-76
receiver#com.vunke.sharehome.receiver.WakeReceiver
ADDED from AndroidApp\ShareHome\AndroidManifest.xml:327:9-334:20
	android:enabled
		ADDED from AndroidApp\ShareHome\AndroidManifest.xml:329:13-35
	android:exported
		ADDED from AndroidApp\ShareHome\AndroidManifest.xml:330:13-37
	android:name
		ADDED from AndroidApp\ShareHome\AndroidManifest.xml:328:13-69
intent-filter#com.wake.gray
ADDED from AndroidApp\ShareHome\AndroidManifest.xml:331:13-333:29
action#com.wake.gray
ADDED from AndroidApp\ShareHome\AndroidManifest.xml:332:17-56
	android:name
		ADDED from AndroidApp\ShareHome\AndroidManifest.xml:332:25-53
service#com.vunke.sharehome.service.NetConnectService
ADDED from AndroidApp\ShareHome\AndroidManifest.xml:339:9-340:19
	android:name
		ADDED from AndroidApp\ShareHome\AndroidManifest.xml:339:18-59
service#com.vunke.sharehome.service.UpdateContactService
ADDED from AndroidApp\ShareHome\AndroidManifest.xml:342:9-343:19
	android:name
		ADDED from AndroidApp\ShareHome\AndroidManifest.xml:342:18-81
service#com.vunke.sharehome.service.HomeService
ADDED from AndroidApp\ShareHome\AndroidManifest.xml:345:9-346:19
	android:name
		ADDED from AndroidApp\ShareHome\AndroidManifest.xml:345:18-72
service#com.vunke.sharehome.service.GrayService
ADDED from AndroidApp\ShareHome\AndroidManifest.xml:348:9-353:19
	android:enabled
		ADDED from AndroidApp\ShareHome\AndroidManifest.xml:350:13-35
	android:process
		ADDED from AndroidApp\ShareHome\AndroidManifest.xml:352:13-36
	android:exported
		ADDED from AndroidApp\ShareHome\AndroidManifest.xml:351:13-37
	android:name
		ADDED from AndroidApp\ShareHome\AndroidManifest.xml:349:13-67
service#com.vunke.sharehome.service.GrayService$GrayInnerService
ADDED from AndroidApp\ShareHome\AndroidManifest.xml:355:9-360:19
	android:enabled
		ADDED from AndroidApp\ShareHome\AndroidManifest.xml:357:13-35
	android:process
		ADDED from AndroidApp\ShareHome\AndroidManifest.xml:359:13-36
	android:exported
		ADDED from AndroidApp\ShareHome\AndroidManifest.xml:358:13-37
	android:name